Using pre-set license
Built from '2021.2/staging' branch; Version is '2021.2.7f1 (6bd9e232123f) revision 7068130'; Using compiler version '192829333'; Build Type 'Release'
OS: 'Windows 10  (10.0.19044) 64bit Core' Language: 'pl' Physical Memory: 16252 MB
BatchMode: 1, IsHumanControllingUs: 0, StartBugReporterOnCrash: 0, Is64bit: 1, IsPro: 0

COMMAND LINE ARGUMENTS:
E:\UnityEditors\2021.2.7f1\Editor\Unity.exe
-adb2
-batchMode
-noUpm
-name
AssetImportWorker3
-projectPath
E:/GitHub/TileVania/TileVania
-logFile
Logs/AssetImportWorker3.log
-srvPort
61274
Successfully changed project path to: E:/GitHub/TileVania/TileVania
E:/GitHub/TileVania/TileVania
[UnityMemory] Configuration Parameters - Can be set up in boot.config
    "memorysetup-bucket-allocator-granularity=16"
    "memorysetup-bucket-allocator-bucket-count=8"
    "memorysetup-bucket-allocator-block-size=33554432"
    "memorysetup-bucket-allocator-block-count=8"
    "memorysetup-main-allocator-block-size=16777216"
    "memorysetup-thread-allocator-block-size=16777216"
    "memorysetup-gfx-main-allocator-block-size=16777216"
    "memorysetup-gfx-thread-allocator-block-size=16777216"
    "memorysetup-cache-allocator-block-size=4194304"
    "memorysetup-typetree-allocator-block-size=2097152"
    "memorysetup-profiler-bucket-allocator-granularity=16"
    "memorysetup-profiler-bucket-allocator-bucket-count=8"
    "memorysetup-profiler-bucket-allocator-block-size=33554432"
    "memorysetup-profiler-bucket-allocator-block-count=8"
    "memorysetup-profiler-allocator-block-size=16777216"
    "memorysetup-profiler-editor-allocator-block-size=1048576"
    "memorysetup-temp-allocator-size-main=16777216"
    "memorysetup-job-temp-allocator-block-size=2097152"
    "memorysetup-job-temp-allocator-block-size-background=1048576"
    "memorysetup-job-temp-allocator-reduction-small-platforms=262144"
    "memorysetup-temp-allocator-size-background-worker=32768"
    "memorysetup-temp-allocator-size-job-worker=262144"
    "memorysetup-temp-allocator-size-preload-manager=33554432"
    "memorysetup-temp-allocator-size-nav-mesh-worker=65536"
    "memorysetup-temp-allocator-size-audio-worker=65536"
    "memorysetup-temp-allocator-size-cloud-worker=32768"
    "memorysetup-temp-allocator-size-gi-baking-worker=262144"
    "memorysetup-temp-allocator-size-gfx=262144"
Refreshing native plugins compatible for Editor in 77.65 ms, found 4 plugins.
Preloading 0 native plugins for Editor in 0.00 ms.
Initialize engine version: 2021.2.7f1 (6bd9e232123f)
[Subsystems] Discovering subsystems at path E:/UnityEditors/2021.2.7f1/Editor/Data/Resources/UnitySubsystems
[Subsystems] Discovering subsystems at path E:/GitHub/TileVania/TileVania/Assets
GfxDevice: creating device client; threaded=0; jobified=0
Direct3D:
    Version:  Direct3D 11.0 [level 11.1]
    Renderer: Radeon RX 570 Series (ID=0x67df)
    Vendor:   ATI
    VRAM:     4075 MB
    Driver:   30.0.13023.1012
Initialize mono
Mono path[0] = 'E:/UnityEditors/2021.2.7f1/Editor/Data/Managed'
Mono path[1] = 'E:/UnityEditors/2021.2.7f1/Editor/Data/MonoBleedingEdge/lib/mono/unityjit-win32'
Mono config path = 'E:/UnityEditors/2021.2.7f1/Editor/Data/MonoBleedingEdge/etc'
Using monoOptions --debugger-agent=transport=dt_socket,embedding=1,server=y,suspend=n,address=127.0.0.1:56628
Begin MonoManager ReloadAssembly
Registering precompiled unity dll's ...
Register platform support module: E:/UnityEditors/2021.2.7f1/Editor/Data/PlaybackEngines/WebGLSupport/UnityEditor.WebGL.Extensions.dll
Register platform support module: E:/UnityEditors/2021.2.7f1/Editor/Data/PlaybackEngines/WindowsStandaloneSupport/UnityEditor.WindowsStandalone.Extensions.dll
Registered in 0.001767 seconds.
Native extension for WindowsStandalone target not found
Native extension for WebGL target not found
Refreshing native plugins compatible for Editor in 80.11 ms, found 4 plugins.
Preloading 0 native plugins for Editor in 0.00 ms.
Mono: successfully reloaded assembly
- Completed reload, in  0.486 seconds
Domain Reload Profiling:
	ReloadAssembly (487ms)
		BeginReloadAssembly (52ms)
			ExecutionOrderSort (0ms)
			DisableScriptedObjects (0ms)
			BackupInstance (0ms)
			ReleaseScriptingObjects (0ms)
			CreateAndSetChildDomain (1ms)
		EndReloadAssembly (381ms)
			LoadAssemblies (51ms)
			RebuildTransferFunctionScriptingTraits (0ms)
			SetupTypeCache (78ms)
			ReleaseScriptCaches (0ms)
			RebuildScriptCaches (28ms)
			SetupLoadedEditorAssemblies (236ms)
				LogAssemblyErrors (0ms)
				InitializePlatformSupportModulesInManaged (12ms)
				SetLoadedEditorAssemblies (0ms)
				RefreshPlugins (80ms)
				BeforeProcessingInitializeOnLoad (1ms)
				ProcessInitializeOnLoadAttributes (110ms)
				ProcessInitializeOnLoadMethodAttributes (33ms)
				AfterProcessingInitializeOnLoad (0ms)
				EditorAssembliesLoaded (0ms)
			ExecutionOrderSort2 (0ms)
			AwakeInstancesAfterBackupRestoration (0ms)
Platform modules already initialized, skipping
Registering precompiled user dll's ...
Registered in 0.003986 seconds.
Begin MonoManager ReloadAssembly
Symbol file LoadedFromMemory doesn't match image E:\GitHub\TileVania\TileVania\Library\PackageCache\com.unity.visualscripting@1.7.6\Editor\VisualScripting.Core\Dependencies\YamlDotNet\Unity.VisualScripting.YamlDotNet.dll
Symbol file LoadedFromMemory doesn't match image E:\GitHub\TileVania\TileVania\Library\PackageCache\com.unity.visualscripting@1.7.6\Editor\VisualScripting.Core\Dependencies\DotNetZip\Unity.VisualScripting.IonicZip.dll
Native extension for WindowsStandalone target not found
Native extension for WebGL target not found
Refreshing native plugins compatible for Editor in 79.21 ms, found 4 plugins.
Preloading 0 native plugins for Editor in 0.00 ms.
Mono: successfully reloaded assembly
- Completed reload, in  1.286 seconds
Domain Reload Profiling:
	ReloadAssembly (1287ms)
		BeginReloadAssembly (81ms)
			ExecutionOrderSort (0ms)
			DisableScriptedObjects (4ms)
			BackupInstance (0ms)
			ReleaseScriptingObjects (0ms)
			CreateAndSetChildDomain (14ms)
		EndReloadAssembly (1140ms)
			LoadAssemblies (53ms)
			RebuildTransferFunctionScriptingTraits (0ms)
			SetupTypeCache (179ms)
			ReleaseScriptCaches (0ms)
			RebuildScriptCaches (50ms)
			SetupLoadedEditorAssemblies (818ms)
				LogAssemblyErrors (0ms)
				InitializePlatformSupportModulesInManaged (9ms)
				SetLoadedEditorAssemblies (0ms)
				RefreshPlugins (79ms)
				BeforeProcessingInitializeOnLoad (72ms)
				ProcessInitializeOnLoadAttributes (628ms)
				ProcessInitializeOnLoadMethodAttributes (28ms)
				AfterProcessingInitializeOnLoad (2ms)
				EditorAssembliesLoaded (0ms)
			ExecutionOrderSort2 (0ms)
			AwakeInstancesAfterBackupRestoration (4ms)
Platform modules already initialized, skipping
========================================================================
Worker process is ready to serve import requests
Launched and connected shader compiler UnityShaderCompiler.exe after 0.04 seconds
Refreshing native plugins compatible for Editor in 0.56 ms, found 4 plugins.
Preloading 0 native plugins for Editor in 0.00 ms.
Unloading 4553 Unused Serialized files (Serialized files now loaded: 0)
Unloading 55 unused Assets / (129.3 KB). Loaded Objects now: 5007.
Memory consumption went from 173.8 MB to 173.6 MB.
Total: 2.949000 ms (FindLiveObjects: 0.244900 ms CreateObjectMapping: 0.140500 ms MarkObjects: 2.488800 ms  DeleteObjects: 0.074100 ms)

AssetImportParameters requested are different than current active one (requested -> active):
  custom:video-decoder-ogg-theora: a1e56fd34408186e4bbccfd4996cb3dc -> 
  custom:container-muxer-webm: aa71ff27fc2769a1b78a27578f13a17b -> 
  custom:container-demuxer-webm: 4f35f7cbe854078d1ac9338744f61a02 -> 
  custom:video-encoder-webm-vp8: eb34c28f22e8b96e1ab97ce403110664 -> 
  custom:audio-encoder-webm-vorbis: bf7c407c2cedff20999df2af8eb42d56 -> 
  custom:framework-win-MediaFoundation: 216162199b28c13a410421893ffa2e32 -> 
  custom:container-demuxer-ogg: 62fdf1f143b41e24485cea50d1cbac27 -> 
  custom:video-decoder-webm-vp8: 9c59270c3fd7afecdb556c50c9e8de78 -> 
  custom:audio-decoder-ogg-vorbis: bf7c407c2cedff20999df2af8eb42d56 -> 
========================================================================
Received Import Request.
  Time since last request: 219823.832333 seconds.
  path: Assets/Sprites/Enemy A/skeleton-01_fly_02.png
  artifactKey: Guid(00bb3410154df164487c45b0eb3dac79) Importer(815301076,1909f56bfc062723c751e8b465ee728b)
Start importing Assets/Sprites/Enemy A/skeleton-01_fly_02.png using Guid(00bb3410154df164487c45b0eb3dac79) Importer(815301076,1909f56bfc062723c751e8b465ee728b)  -> (artifact id: '984d17e2fb4bfb1ff4ba9bc7526cf63b') in 0.167635 seconds 
========================================================================
Received Import Request.
  Time since last request: 0.000037 seconds.
  path: Assets/Sprites/Enemy A/skeleton-01_fly_05.png
  artifactKey: Guid(05e8e0f5ccb631d46a422cc8024e03b5) Importer(815301076,1909f56bfc062723c751e8b465ee728b)
Start importing Assets/Sprites/Enemy A/skeleton-01_fly_05.png using Guid(05e8e0f5ccb631d46a422cc8024e03b5) Importer(815301076,1909f56bfc062723c751e8b465ee728b)  -> (artifact id: 'b19c203c10b066b7cc269ba8bc570a86') in 0.055362 seconds 
========================================================================
Received Import Request.
  Time since last request: 0.000027 seconds.
  path: Assets/Sprites/Enemy A/skeleton-01_fly_10.png
  artifactKey: Guid(138a4b5f602eca74eb11c04f7874852b) Importer(815301076,1909f56bfc062723c751e8b465ee728b)
Start importing Assets/Sprites/Enemy A/skeleton-01_fly_10.png using Guid(138a4b5f602eca74eb11c04f7874852b) Importer(815301076,1909f56bfc062723c751e8b465ee728b)  -> (artifact id: 'b05127aa22644f8aed05d841097b5bb4') in 0.050774 seconds 
========================================================================
Received Import Request.
  Time since last request: 0.000023 seconds.
  path: Assets/Sprites/Enemy A/skeleton-01_fly_03.png
  artifactKey: Guid(6b6f0d75df6e142459c1da6e05c80f14) Importer(815301076,1909f56bfc062723c751e8b465ee728b)
Start importing Assets/Sprites/Enemy A/skeleton-01_fly_03.png using Guid(6b6f0d75df6e142459c1da6e05c80f14) Importer(815301076,1909f56bfc062723c751e8b465ee728b)  -> (artifact id: '398f3558100be9d9c7f3080d28f76fb8') in 0.048976 seconds 
========================================================================
Received Import Request.
  Time since last request: 0.000030 seconds.
  path: Assets/Sprites/Enemy A/skeleton-01_fly_13.png
  artifactKey: Guid(636063f8dae1c9f48a20dbffb03e0bde) Importer(815301076,1909f56bfc062723c751e8b465ee728b)
Start importing Assets/Sprites/Enemy A/skeleton-01_fly_13.png using Guid(636063f8dae1c9f48a20dbffb03e0bde) Importer(815301076,1909f56bfc062723c751e8b465ee728b)  -> (artifact id: '6cc1c811a7b3b1e3f75e8ab8d292b6be') in 0.046981 seconds 
========================================================================
Received Import Request.
  Time since last request: 7.059373 seconds.
  path: Assets/Sprites/Enemy A/skeleton-01_fly_02.png
  artifactKey: Guid(00bb3410154df164487c45b0eb3dac79) Importer(815301076,1909f56bfc062723c751e8b465ee728b)
Start importing Assets/Sprites/Enemy A/skeleton-01_fly_02.png using Guid(00bb3410154df164487c45b0eb3dac79) Importer(815301076,1909f56bfc062723c751e8b465ee728b)  -> (artifact id: '7a8111c98563f09c070ad9893b174891') in 0.053429 seconds 
========================================================================
Received Import Request.
  Time since last request: 0.000026 seconds.
  path: Assets/Sprites/Enemy A/skeleton-01_fly_12.png
  artifactKey: Guid(681e82ce5badadc4cbba2a28e545cfc4) Importer(815301076,1909f56bfc062723c751e8b465ee728b)
Start importing Assets/Sprites/Enemy A/skeleton-01_fly_12.png using Guid(681e82ce5badadc4cbba2a28e545cfc4) Importer(815301076,1909f56bfc062723c751e8b465ee728b)  -> (artifact id: '734d92784f60caa275a70b8ceb03e0a9') in 0.052945 seconds 
========================================================================
Received Import Request.
  Time since last request: 0.000026 seconds.
  path: Assets/Sprites/Enemy A/skeleton-01_fly_05.png
  artifactKey: Guid(05e8e0f5ccb631d46a422cc8024e03b5) Importer(815301076,1909f56bfc062723c751e8b465ee728b)
Start importing Assets/Sprites/Enemy A/skeleton-01_fly_05.png using Guid(05e8e0f5ccb631d46a422cc8024e03b5) Importer(815301076,1909f56bfc062723c751e8b465ee728b)  -> (artifact id: '4c2c8571e1a4f2926087afb79880ac65') in 0.050143 seconds 
========================================================================
Received Import Request.
  Time since last request: 0.000025 seconds.
  path: Assets/Sprites/Enemy A/skeleton-01_fly_10.png
  artifactKey: Guid(138a4b5f602eca74eb11c04f7874852b) Importer(815301076,1909f56bfc062723c751e8b465ee728b)
Start importing Assets/Sprites/Enemy A/skeleton-01_fly_10.png using Guid(138a4b5f602eca74eb11c04f7874852b) Importer(815301076,1909f56bfc062723c751e8b465ee728b)  -> (artifact id: '22e9d1be6df19195064327b4aca5844c') in 0.050112 seconds 
========================================================================
Received Import Request.
  Time since last request: 0.000030 seconds.
  path: Assets/Sprites/Enemy A/skeleton-01_fly_03.png
  artifactKey: Guid(6b6f0d75df6e142459c1da6e05c80f14) Importer(815301076,1909f56bfc062723c751e8b465ee728b)
Start importing Assets/Sprites/Enemy A/skeleton-01_fly_03.png using Guid(6b6f0d75df6e142459c1da6e05c80f14) Importer(815301076,1909f56bfc062723c751e8b465ee728b)  -> (artifact id: '9e5a019f200824b256ec65efd9bfe266') in 0.052579 seconds 
========================================================================
Received Import Request.
  Time since last request: 0.000018 seconds.
  path: Assets/Sprites/Enemy A/skeleton-01_fly_13.png
  artifactKey: Guid(636063f8dae1c9f48a20dbffb03e0bde) Importer(815301076,1909f56bfc062723c751e8b465ee728b)
Start importing Assets/Sprites/Enemy A/skeleton-01_fly_13.png using Guid(636063f8dae1c9f48a20dbffb03e0bde) Importer(815301076,1909f56bfc062723c751e8b465ee728b)  -> (artifact id: 'eb338185161d2f4b087f834ef15a652d') in 0.047550 seconds 
Editor requested this worker to shutdown with reason: Scaling down because of idle timeout
AssetImportWorker is now disconnected from the server
Process exiting
Exiting without the bug reporter. Application will terminate with return code 0